<?xml version="1.0" encoding="UTF-8"?>
<!-- Generated by org.testng.reporters.JUnitReportReporter -->
<testsuite hostname="DESKTOP-EAK2OU1" failures="0" tests="1" name="TestNG.test001" time="0.012" errors="0" timestamp="2022-04-21T12:39:21 IST" skipped="0">
  <testcase classname="TestNG.test001" name="tc1" time="0.012"/>
  <system-out>
    <![CDATA[hello java
Hello selenium]]>
  </system-out>
</testsuite> <!-- TestNG.test001 -->
