<?xml version="1.0" encoding="UTF-8"?>
<!-- Generated by org.testng.reporters.JUnitReportReporter -->
<testsuite hostname="DESKTOP-EAK2OU1" failures="0" tests="1" name="TestNG.Testcase3" time="9.390" errors="0" timestamp="2022-04-21T13:00:42 IST" skipped="0">
  <testcase classname="TestNG.Testcase3" name="tc3" time="9.390"/>
  <system-out>
    <![CDATA[Log in to Facebook
https://www.facebook.com/login/?next=https%3A%2F%2Fwww.facebook.com%2Fpages%2Fcreate%2F%3Fref_type%3Dregistration_form]]>
  </system-out>
</testsuite> <!-- TestNG.Testcase3 -->
