<?xml version="1.0" encoding="UTF-8"?>
<!-- Generated by org.testng.reporters.JUnitReportReporter -->
<testsuite hostname="DESKTOP-EAK2OU1" failures="0" tests="1" name="TestNG.Testcase2" time="7.086" errors="0" timestamp="2022-04-21T13:00:42 IST" skipped="0">
  <testcase classname="TestNG.Testcase2" name="tc2" time="7.086"/>
  <system-out>
    <![CDATA[Forgotten Password | Can't Log In | Facebook
https://www.facebook.com/login/identify/?ctx=recover&ars=facebook_login&from_login_screen=0]]>
  </system-out>
</testsuite> <!-- TestNG.Testcase2 -->
